0 info it worked if it ends with ok
1 verbose cli [ '/usr/local/bin/node', '/usr/local/bin/npm', 'run', 'start' ]
2 info using npm@3.8.3
3 info using node@v5.10.1
4 verbose run-script [ 'prestart', 'start', 'poststart' ]
5 info lifecycle react-engine-example-app@1.0.0~prestart: react-engine-example-app@1.0.0
6 silly lifecycle react-engine-example-app@1.0.0~prestart: no script for prestart, continuing
7 info lifecycle react-engine-example-app@1.0.0~start: react-engine-example-app@1.0.0
8 verbose lifecycle react-engine-example-app@1.0.0~start: unsafe-perm in lifecycle true
9 verbose lifecycle react-engine-example-app@1.0.0~start: PATH: /usr/local/lib/node_modules/npm/bin/node-gyp-bin:/Users/1002515/git/express/node_modules/.bin:/usr/local/bin:/Users/1002515/Work/protexIP/bin:/opt/local/bin:/opt/local/sbin:/usr/local/bin:/usr/local/mysql/support-files:/usr/local/mysql/bin:/Users/1002515/Work/scala/scala-2.11.6/bin:/usr/local/apache-maven/apache-maven-3.2.5/bin:/Users/1002515/Work/play/lastest-activator:/Library/Java/JavaVirtualMachines/jdk1.8.0_45.jdk/Contents/Home/bin:/usr/local/bin:/usr/bin:/bin:/usr/sbin:/sbin:/usr/local/go/bin
10 verbose lifecycle react-engine-example-app@1.0.0~start: CWD: /Users/1002515/git/express
11 silly lifecycle react-engine-example-app@1.0.0~start: Args: [ '-c', 'webpack && node index.js' ]
12 silly lifecycle react-engine-example-app@1.0.0~start: Returned: code: 1  signal: null
13 info lifecycle react-engine-example-app@1.0.0~start: Failed to exec start script
14 verbose stack Error: react-engine-example-app@1.0.0 start: `webpack && node index.js`
14 verbose stack Exit status 1
14 verbose stack     at EventEmitter.<anonymous> (/usr/local/lib/node_modules/npm/lib/utils/lifecycle.js:239:16)
14 verbose stack     at emitTwo (events.js:100:13)
14 verbose stack     at EventEmitter.emit (events.js:185:7)
14 verbose stack     at ChildProcess.<anonymous> (/usr/local/lib/node_modules/npm/lib/utils/spawn.js:24:14)
14 verbose stack     at emitTwo (events.js:100:13)
14 verbose stack     at ChildProcess.emit (events.js:185:7)
14 verbose stack     at maybeClose (internal/child_process.js:850:16)
14 verbose stack     at Process.ChildProcess._handle.onexit (internal/child_process.js:215:5)
15 verbose pkgid react-engine-example-app@1.0.0
16 verbose cwd /Users/1002515/git/express
17 error Darwin 14.4.0
18 error argv "/usr/local/bin/node" "/usr/local/bin/npm" "run" "start"
19 error node v5.10.1
20 error npm  v3.8.3
21 error code ELIFECYCLE
22 error react-engine-example-app@1.0.0 start: `webpack && node index.js`
22 error Exit status 1
23 error Failed at the react-engine-example-app@1.0.0 start script 'webpack && node index.js'.
23 error Make sure you have the latest version of node.js and npm installed.
23 error If you do, this is most likely a problem with the react-engine-example-app package,
23 error not with npm itself.
23 error Tell the author that this fails on your system:
23 error     webpack && node index.js
23 error You can get information on how to open an issue for this project with:
23 error     npm bugs react-engine-example-app
23 error Or if that isn't available, you can get their info via:
23 error     npm owner ls react-engine-example-app
23 error There is likely additional logging output above.
24 verbose exit [ 1, true ]
